{
  "stats": {
    "suites": 1,
    "tests": 1,
    "passes": 1,
    "pending": 0,
    "failures": 0,
    "start": "2021-09-20T15:18:11.140Z",
    "end": "2021-09-20T15:21:34.931Z",
    "duration": 203791,
    "testsRegistered": 1,
    "passPercent": 100,
    "pendingPercent": 0,
    "other": 0,
    "hasOther": false,
    "skipped": 0,
    "hasSkipped": false
  },
  "results": [
    {
      "uuid": "cdbcdce7-4c43-4abc-88f4-7c6d4ebaae9c",
      "title": "",
      "fullFile": "cypress\\integration\\geopath\\GenerateInventoryPlanFromMarketPlan.js",
      "file": "cypress\\integration\\geopath\\GenerateInventoryPlanFromMarketPlan.js",
      "beforeHooks": [],
      "afterHooks": [],
      "tests": [],
      "suites": [
        {
          "uuid": "df5bb438-33e0-4780-931f-10fef7c1d131",
          "title": "VerifyGenerateInventoryPlanFromMarketPlan",
          "fullFile": "",
          "file": "",
          "beforeHooks": [],
          "afterHooks": [],
          "tests": [
            {
              "title": "CreateMarketAndInventoryPlan",
              "fullTitle": "VerifyGenerateInventoryPlanFromMarketPlan CreateMarketAndInventoryPlan",
              "timedOut": null,
              "duration": 189695,
              "state": "passed",
              "speed": "slow",
              "pass": true,
              "fail": false,
              "pending": false,
              "context": null,
              "code": "//navigate to workspace\ncy.wait(10000);\ncy.log(\"Step 1: Login in to the geopath staging site\");\ncy.log(\"step 2: Redirects to the workspace\");\ncy.log(\"step 3: Click 'Add Project' to create an new project\");\ncy.log(\"step 4: Validate the created project title\");\ncy.log(\"step 5: Click 'Add Plan' and select the 'Inventory Plan' tab\");\ncy.log(\"step 6: Create 'Audience', 'Market', 'Operators' and 'Media' on Market Plan page\");\ncy.log(\"step 7: Create Scenario Name and Scenario Description and click the generate button\");\ncy.log(\"step 8: Validate the Total should be 1 in the Market Plan page\");\ncy.log(\"step 9: Go back to the Plan page and select as 'Generate Inventory Plan' page\");\ncy.log(\"step 10: After generate inventory plan, verify the Total. It should be 2 in the Plan page\");\nworkspacepage.clickOnworkspace();\nvar campName = workspacepage.generate_random_string(8);\nworkspacepage.createNewProject(campName);\ncy.get('.text-tooltip').should('have.text', campName); //cy.get('div.ng-star-inserted > div > .cursor-link > .mat-icon').trigger('mouseover').should('have.text', campName);\nworkspacepage.clickOnAddPlan();\nworkspacepage.selectAudience(this.data.persons_5plus);\nworkspacepage.selectMarket(this.data.new_york);\nworkspacepage.selectOperator(this.data.lamar);\nworkspacepage.selectMedia();\nworkspacepage.typeScenarioName(campName);\nworkspacepage.clickOnGenerateButton();\ncy.wait(200);\ncy.get('.total-record').should('contain.text', this.data.Total_Count_1);\nworkspacepage.generateInventoryPlanFromMarketPlan();\ncy.get('.total-record').should('contain.text', this.data.Total_Count); //  workspacepage.logout()\ncy.wait(10000);",
              "err": {},
              "uuid": "4d1e5124-95a5-40a1-bd6a-1f0fec626b7d",
              "parentUUID": "df5bb438-33e0-4780-931f-10fef7c1d131",
              "isHook": false,
              "skipped": false
            }
          ],
          "suites": [],
          "passes": [
            "4d1e5124-95a5-40a1-bd6a-1f0fec626b7d"
          ],
          "failures": [],
          "pending": [],
          "skipped": [],
          "duration": 189695,
          "root": false,
          "rootEmpty": false,
          "_timeout": 2000
        }
      ],
      "passes": [],
      "failures": [],
      "pending": [],
      "skipped": [],
      "duration": 0,
      "root": true,
      "rootEmpty": true,
      "_timeout": 2000
    }
  ],
  "meta": {
    "mocha": {
      "version": "7.0.1"
    },
    "mochawesome": {
      "options": {
        "quiet": false,
        "reportFilename": "mochawesome",
        "saveHtml": false,
        "saveJson": true,
        "consoleReporter": "spec",
        "useInlineDiffs": false,
        "code": true
      },
      "version": "6.2.2"
    },
    "marge": {
      "options": {
        "reportDir": "cypress/reports/mochawesome-report",
        "overwrite": false,
        "html": false,
        "json": true,
        "timestamp": "mmddyyyy_HHMMss"
      },
      "version": "5.2.0"
    }
  }
}